[2026-03-07 10:27:20] skill-creator installation started
[2026-03-07 10:27:20] Fetching skill-creator from upstream...
Cloning into 'temp-skills'...
Updating files:  33% (1/3)Updating files:  66% (2/3)Updating files: 100% (3/3)Updating files: 100% (3/3), done.
[2026-03-07 10:27:33] skill-creator installed to /workspaces/crud-app/.github/skills/skill-creator
[2026-03-07 10:27:33] Running structure verification...
[2026-03-07 10:27:33] Verifying skill-creator structure...
  ✓ Directory exists: agents/
  ✓ Directory exists: scripts/
  ✓ Directory exists: references/
  ✓ Directory exists: eval-viewer/
  ✓ Directory exists: assets/
  ✓ File exists: SKILL.md
  ✓ File exists: LICENSE.txt
  ✓ File exists: references/schemas.md
  ✓ File exists: scripts/run_eval.py
  ✓ File exists: scripts/run_loop.py
  ✓ File exists: scripts/improve_description.py
  ✓ File exists: scripts/aggregate_benchmark.py
[2026-03-07 10:27:33] ✓ Structure verification PASSED
[2026-03-07 10:27:33] ✓ Structure verification PASSED
[2026-03-07 10:27:34] Setting executable permissions...
[2026-03-07 10:27:34] Setting executable permissions for Python scripts...
  ✓ Set executable: /workspaces/crud-app/.github/skills/skill-creator/scripts/*.py
  ✓ Set executable: /workspaces/crud-app/.github/skills/skill-creator/eval-viewer/generate_review.py
[2026-03-07 10:27:34] Permission setup completed
[2026-03-07 10:27:34] Installation phase completed
